2026-03-19T02:30:17.762+08:00  INFO 17900 --- [card-management] [restartedMain] c.c.CardManagementApplication            : Starting CardManagementApplication using Java 21.0.10 with PID 17900 (D:\ayip\coding\CardManagement\target\classes started by tuf in D:\ayip\coding\CardManagement)
2026-03-19T02:30:17.776+08:00  INFO 17900 --- [card-management] [restartedMain] c.c.CardManagementApplication            : No active profile set, falling back to 1 default profile: "default"
2026-03-19T02:30:17.853+08:00  INFO 17900 --- [card-management] [restartedMain] .e.DevToolsPropertyDefaultsPostProcessor : Devtools property defaults active! Set 'spring.devtools.add-properties' to 'false' to disable
2026-03-19T02:30:17.853+08:00  INFO 17900 --- [card-management] [restartedMain] .e.DevToolsPropertyDefaultsPostProcessor : For additional web related logging consider setting the 'logging.level.web' property to 'DEBUG'
2026-03-19T02:30:19.256+08:00  INFO 17900 --- [card-management] [restartedMain] .s.d.r.c.RepositoryConfigurationDelegate : Bootstrapping Spring Data JPA repositories in DEFAULT mode.
2026-03-19T02:30:19.532+08:00  INFO 17900 --- [card-management] [restartedMain] .s.d.r.c.RepositoryConfigurationDelegate : Finished Spring Data repository scanning in 259 ms. Found 3 JPA repository interfaces.
2026-03-19T02:30:20.695+08:00  INFO 17900 --- [card-management] [restartedMain] o.s.boot.tomcat.TomcatWebServer          : Tomcat initialized with port 8083 (http)
2026-03-19T02:30:20.717+08:00  INFO 17900 --- [card-management] [restartedMain] o.apache.catalina.core.StandardService   : Starting service [Tomcat]
2026-03-19T02:30:20.718+08:00  INFO 17900 --- [card-management] [restartedMain] o.apache.catalina.core.StandardEngine    : Starting Servlet engine: [Apache Tomcat/11.0.18]
2026-03-19T02:30:20.808+08:00  INFO 17900 --- [card-management] [restartedMain] b.w.c.s.WebApplicationContextInitializer : Root WebApplicationContext: initialization completed in 2954 ms
2026-03-19T02:30:21.202+08:00  INFO 17900 --- [card-management] [restartedMain] org.hibernate.orm.jpa                    : HHH008540: Processing PersistenceUnitInfo [name: default]
2026-03-19T02:30:21.299+08:00  INFO 17900 --- [card-management] [restartedMain] org.hibernate.orm.core                   : HHH000001: Hibernate ORM core version 7.2.4.Final
2026-03-19T02:30:21.992+08:00  INFO 17900 --- [card-management] [restartedMain] o.s.o.j.p.SpringPersistenceUnitInfo      : No LoadTimeWeaver setup: ignoring JPA class transformer
2026-03-19T02:30:22.037+08:00  INFO 17900 --- [card-management] [restartedMain] com.zaxxer.hikari.HikariDataSource       : HikariPool-1 - Starting...
2026-03-19T02:30:22.518+08:00  INFO 17900 --- [card-management] [restartedMain] com.zaxxer.hikari.pool.HikariPool        : HikariPool-1 - Added connection ConnectionID:1 ClientConnectionId: 523d468e-1975-4f7b-ac27-d66567f607bf
2026-03-19T02:30:22.520+08:00  INFO 17900 --- [card-management] [restartedMain] com.zaxxer.hikari.HikariDataSource       : HikariPool-1 - Start completed.
2026-03-19T02:30:22.609+08:00  WARN 17900 --- [card-management] [restartedMain] org.hibernate.orm.deprecation            : HHH90000025: SQLServerDialect does not need to be specified explicitly using 'hibernate.dialect' (remove the property setting and it will be selected by default)
2026-03-19T02:30:22.637+08:00  INFO 17900 --- [card-management] [restartedMain] org.hibernate.orm.connections.pooling    : HHH10001005: Database info:
	Database JDBC URL [jdbc:sqlserver://localhost:1433;concatNullYieldsNull=ON;quotedIdentifier=ON;connectRetryInterval=10;connectRetryCount=1;maxResultBuffer=-1;sendTemporalDataTypesAsStringForBulkCopy=true;delayLoadingLobs=true;useFmtOnly=false;vectorTypeSupport=v1;cacheBulkCopyMetadata=false;bulkCopyForBatchInsertAllowEncryptedValueModifications=false;bulkCopyForBatchInsertTableLock=false;bulkCopyForBatchInsertKeepNulls=false;bulkCopyForBatchInsertKeepIdentity=false;bulkCopyForBatchInsertFireTriggers=false;bulkCopyForBatchInsertCheckConstraints=false;bulkCopyForBatchInsertBatchSize=0;useBulkCopyForBatchInsert=false;cancelQueryTimeout=-1;sslProtocol=TLS;calcBigDecimalPrecision=false;useDefaultJaasConfig=false;jaasConfigurationName=SQLJDBCDriver;statementPoolingCacheSize=0;serverPreparedStatementDiscardThreshold=10;enablePrepareOnFirstPreparedStatementCall=false;fips=false;socketTimeout=0;authentication=NotSpecified;authenticationScheme=nativeAuthentication;xopenStates=false;datetimeParameterType=datetime2;sendTimeAsDatetime=true;replication=false;trustStoreType=JKS;trustServerCertificate=false;TransparentNetworkIPResolution=true;iPAddressPreference=IPv4First;serverNameAsACE=false;sendStringParametersAsUnicode=true;selectMethod=direct;responseBuffering=adaptive;queryTimeout=-1;packetSize=8000;multiSubnetFailover=false;loginTimeout=30;lockTimeout=-1;lastUpdateCount=true;useDefaultGSSCredential=false;prepareMethod=prepexec;encrypt=false;disableStatementPooling=true;databaseName=TESTDB;columnEncryptionSetting=Disabled;applicationName=Microsoft JDBC Driver for SQL Server;applicationIntent=readwrite;]
	Database driver: Microsoft JDBC Driver 13.2 for SQL Server
	Database dialect: SQLServerDialect
	Database version: 17.0
	Default catalog/schema: TESTDB/dbo
	Autocommit mode: undefined/unknown
	Isolation level: READ_COMMITTED [default READ_COMMITTED]
	JDBC fetch size: 128
	Pool: DataSourceConnectionProvider
	Minimum pool size: undefined/unknown
	Maximum pool size: undefined/unknown
2026-03-19T02:30:23.762+08:00  INFO 17900 --- [card-management] [restartedMain] org.hibernate.orm.core                   : HHH000489: No JTA platform available (set 'hibernate.transaction.jta.platform' to enable JTA platform integration)
2026-03-19T02:30:24.536+08:00 DEBUG 17900 --- [card-management] [restartedMain] org.hibernate.SQL                        : 
    alter table card.card 
       alter column card_number varchar(255)
2026-03-19T02:30:24.554+08:00 DEBUG 17900 --- [card-management] [restartedMain] org.hibernate.SQL                        : 
    alter table card.card 
       alter column card_type varchar(255)
2026-03-19T02:30:24.562+08:00 DEBUG 17900 --- [card-management] [restartedMain] org.hibernate.SQL                        : 
    alter table card.card 
       alter column status varchar(255)
2026-03-19T02:30:24.568+08:00 DEBUG 17900 --- [card-management] [restartedMain] org.hibernate.SQL                        : 
    alter table card.card_limit 
       alter column daily_limit_currency varchar(255)
2026-03-19T02:30:24.575+08:00 DEBUG 17900 --- [card-management] [restartedMain] org.hibernate.SQL                        : 
    alter table card.customer 
       alter column phone varchar(255)
2026-03-19T02:30:24.822+08:00  INFO 17900 --- [card-management] [restartedMain] j.LocalContainerEntityManagerFactoryBean : Initialized JPA EntityManagerFactory for persistence unit 'default'
2026-03-19T02:30:24.958+08:00  INFO 17900 --- [card-management] [restartedMain] o.s.d.j.r.query.QueryEnhancerFactories   : Hibernate is in classpath; If applicable, HQL parser will be used.
2026-03-19T02:30:29.002+08:00  WARN 17900 --- [card-management] [restartedMain] JpaBaseConfiguration$JpaWebConfiguration : spring.jpa.open-in-view is enabled by default. Therefore, database queries may be performed during view rendering. Explicitly configure spring.jpa.open-in-view to disable this warning
2026-03-19T02:30:29.632+08:00  INFO 17900 --- [card-management] [restartedMain] o.s.boot.tomcat.TomcatWebServer          : Tomcat started on port 8083 (http) with context path '/api'
2026-03-19T02:30:29.643+08:00  INFO 17900 --- [card-management] [restartedMain] c.c.CardManagementApplication            : Started CardManagementApplication in 12.536 seconds (process running for 13.947)
2026-03-19T02:30:29.649+08:00  WARN 17900 --- [card-management] [restartedMain] o.s.core.events.SpringDocAppInitializer  : SpringDoc /v3/api-docs endpoint is enabled by default. To disable it in production, set the property 'springdoc.api-docs.enabled=false'
2026-03-19T02:30:29.649+08:00  WARN 17900 --- [card-management] [restartedMain] o.s.core.events.SpringDocAppInitializer  : SpringDoc /swagger-ui.html endpoint is enabled by default. To disable it in production, set the property 'springdoc.swagger-ui.enabled=false'
